16:57:40.748 [main] INFO  testCases.TC_001_AccountRegistrationTest - ***  Starting TC_001_AccountRegistrationTest ***
16:57:41.421 [main] INFO  testCases.TC_001_AccountRegistrationTest - Clicked on register link
16:57:42.607 [main] INFO  testCases.TC_001_AccountRegistrationTest - Clicked on register link
16:57:42.614 [main] INFO  testCases.TC_001_AccountRegistrationTest - Providing customer data
16:57:43.764 [main] ERROR testCases.TC_001_AccountRegistrationTest - Validating expected messege
16:57:43.765 [main] INFO  testCases.TC_001_AccountRegistrationTest - ***  Finished TC_001_AccountRegistrationTest ***
17:01:24.944 [main] DEBUG io.netty.util.internal.logging.InternalLoggerFactory - Using Log4J2 as the default logging framework
17:01:24.965 [main] DEBUG io.netty.util.ResourceLeakDetector - -Dio.netty.leakDetection.level: simple
17:01:24.966 [main] DEBUG io.netty.util.ResourceLeakDetector - -Dio.netty.leakDetection.targetRecords: 4
17:01:24.974 [main] DEBUG io.netty.util.ResourceLeakDetectorFactory - Loaded default ResourceLeakDetector: io.netty.util.ResourceLeakDetector@40298285
17:01:25.023 [main] DEBUG io.netty.util.internal.PlatformDependent0 - -Dio.netty.noUnsafe: false
17:01:25.023 [main] DEBUG io.netty.util.internal.PlatformDependent0 - Java version: 11
17:01:25.026 [main] DEBUG io.netty.util.internal.PlatformDependent0 - sun.misc.Unsafe.theUnsafe: available
17:01:25.027 [main] DEBUG io.netty.util.internal.PlatformDependent0 - sun.misc.Unsafe.copyMemory: available
17:01:25.028 [main] DEBUG io.netty.util.internal.PlatformDependent0 - sun.misc.Unsafe.storeFence: available
17:01:25.029 [main] DEBUG io.netty.util.internal.PlatformDependent0 - java.nio.Buffer.address: available
17:01:25.030 [main] DEBUG io.netty.util.internal.PlatformDependent0 - direct buffer constructor: unavailable: Reflective setAccessible(true) disabled
17:01:25.032 [main] DEBUG io.netty.util.internal.PlatformDependent0 - java.nio.Bits.unaligned: available, true
17:01:25.036 [main] DEBUG io.netty.util.internal.PlatformDependent0 - jdk.internal.misc.Unsafe.allocateUninitializedArray(int): unavailable: class io.netty.util.internal.PlatformDependent0$7 cannot access class jdk.internal.misc.Unsafe (in module java.base) because module java.base does not export jdk.internal.misc to unnamed module @7a93b263
17:01:25.039 [main] DEBUG io.netty.util.internal.PlatformDependent0 - java.nio.DirectByteBuffer.<init>(long, int): unavailable
17:01:25.040 [main] DEBUG io.netty.util.internal.PlatformDependent - sun.misc.Unsafe: available
17:01:25.041 [main] DEBUG io.netty.util.internal.PlatformDependent - maxDirectMemory: 1598029824 bytes (maybe)
17:01:25.042 [main] DEBUG io.netty.util.internal.PlatformDependent - -Dio.netty.tmpdir: C:\Users\Asus\AppData\Local\Temp (java.io.tmpdir)
17:01:25.042 [main] DEBUG io.netty.util.internal.PlatformDependent - -Dio.netty.bitMode: 64 (sun.arch.data.model)
17:01:25.043 [main] DEBUG io.netty.util.internal.PlatformDependent - Platform: Windows
17:01:25.045 [main] DEBUG io.netty.util.internal.PlatformDependent - -Dio.netty.maxDirectMemory: -1 bytes
17:01:25.045 [main] DEBUG io.netty.util.internal.PlatformDependent - -Dio.netty.uninitializedArrayAllocationThreshold: -1
17:01:25.048 [main] DEBUG io.netty.util.internal.CleanerJava9 - java.nio.ByteBuffer.cleaner(): available
17:01:25.048 [main] DEBUG io.netty.util.internal.PlatformDependent - -Dio.netty.noPreferDirect: false
17:01:25.096 [main] DEBUG io.netty.util.internal.PlatformDependent - org.jctools-core.MpscChunkedArrayQueue: available
17:01:25.196 [main] DEBUG io.netty.util.internal.InternalThreadLocalMap - -Dio.netty.threadLocalMap.stringBuilder.initialSize: 1024
17:01:25.197 [main] DEBUG io.netty.util.internal.InternalThreadLocalMap - -Dio.netty.threadLocalMap.stringBuilder.maxSize: 4096
17:01:25.292 [main] DEBUG io.netty.handler.ssl.JdkSslContext - Default protocols (JDK): [TLSv1.3, TLSv1.2] 
17:01:25.293 [main] DEBUG io.netty.handler.ssl.JdkSslContext - Default cipher suites (JDK): [TLS_ECDHE_ECDSA_WITH_AES_256_GCM_SHA384, TLS_ECDHE_ECDSA_WITH_AES_128_GCM_SHA256, TLS_ECDHE_RSA_WITH_AES_128_GCM_SHA256, TLS_ECDHE_RSA_WITH_AES_256_GCM_SHA384, TLS_ECDHE_RSA_WITH_AES_128_CBC_SHA, TLS_ECDHE_RSA_WITH_AES_256_CBC_SHA, TLS_RSA_WITH_AES_128_GCM_SHA256, TLS_RSA_WITH_AES_128_CBC_SHA, TLS_RSA_WITH_AES_256_CBC_SHA, TLS_AES_128_GCM_SHA256, TLS_AES_256_GCM_SHA384]
17:01:25.335 [main] DEBUG io.netty.util.concurrent.GlobalEventExecutor - -Dio.netty.globalEventExecutor.quietPeriodSeconds: 1
17:01:25.408 [main] DEBUG io.netty.channel.MultithreadEventLoopGroup - -Dio.netty.eventLoopThreads: 8
17:01:25.445 [main] DEBUG io.netty.channel.nio.NioEventLoop - -Dio.netty.noKeySetOptimization: false
17:01:25.445 [main] DEBUG io.netty.channel.nio.NioEventLoop - -Dio.netty.selectorAutoRebuildThreshold: 512
17:01:25.546 [main] DEBUG io.netty.buffer.PooledByteBufAllocator - -Dio.netty.allocator.numHeapArenas: 8
17:01:25.546 [main] DEBUG io.netty.buffer.PooledByteBufAllocator - -Dio.netty.allocator.numDirectArenas: 8
17:01:25.546 [main] DEBUG io.netty.buffer.PooledByteBufAllocator - -Dio.netty.allocator.pageSize: 8192
17:01:25.546 [main] DEBUG io.netty.buffer.PooledByteBufAllocator - -Dio.netty.allocator.maxOrder: 9
17:01:25.546 [main] DEBUG io.netty.buffer.PooledByteBufAllocator - -Dio.netty.allocator.chunkSize: 4194304
17:01:25.546 [main] DEBUG io.netty.buffer.PooledByteBufAllocator - -Dio.netty.allocator.smallCacheSize: 256
17:01:25.547 [main] DEBUG io.netty.buffer.PooledByteBufAllocator - -Dio.netty.allocator.normalCacheSize: 64
17:01:25.547 [main] DEBUG io.netty.buffer.PooledByteBufAllocator - -Dio.netty.allocator.maxCachedBufferCapacity: 32768
17:01:25.547 [main] DEBUG io.netty.buffer.PooledByteBufAllocator - -Dio.netty.allocator.cacheTrimInterval: 8192
17:01:25.547 [main] DEBUG io.netty.buffer.PooledByteBufAllocator - -Dio.netty.allocator.cacheTrimIntervalMillis: 0
17:01:25.547 [main] DEBUG io.netty.buffer.PooledByteBufAllocator - -Dio.netty.allocator.useCacheForAllThreads: false
17:01:25.547 [main] DEBUG io.netty.buffer.PooledByteBufAllocator - -Dio.netty.allocator.maxCachedByteBuffersPerChunk: 1023
17:01:25.570 [main] DEBUG io.netty.buffer.ByteBufUtil - -Dio.netty.allocator.type: pooled
17:01:25.570 [main] DEBUG io.netty.buffer.ByteBufUtil - -Dio.netty.threadLocalDirectBufferSize: 0
17:01:25.571 [main] DEBUG io.netty.buffer.ByteBufUtil - -Dio.netty.maxThreadLocalCharBufferSize: 16384
17:01:26.979 [Forwarding newSession on session null to remote] DEBUG io.netty.channel.DefaultChannelId - -Dio.netty.processId: 17004 (auto-detected)
17:01:26.986 [Forwarding newSession on session null to remote] DEBUG io.netty.util.NetUtil - -Djava.net.preferIPv4Stack: false
17:01:26.986 [Forwarding newSession on session null to remote] DEBUG io.netty.util.NetUtil - -Djava.net.preferIPv6Addresses: false
17:01:27.250 [Forwarding newSession on session null to remote] DEBUG io.netty.util.NetUtilInitializations - Loopback interface: lo (Software Loopback Interface 1, 127.0.0.1)
17:01:27.254 [Forwarding newSession on session null to remote] DEBUG io.netty.util.NetUtil - Failed to get SOMAXCONN from sysctl and file \proc\sys\net\core\somaxconn. Default: 200
17:01:27.265 [Forwarding newSession on session null to remote] DEBUG io.netty.channel.DefaultChannelId - -Dio.netty.machineId: 64:6e:e0:ff:fe:78:ab:bd (auto-detected)
17:01:27.495 [AsyncHttpClient-1-2] DEBUG io.netty.buffer.AbstractByteBuf - -Dio.netty.buffer.checkAccessible: true
17:01:27.495 [AsyncHttpClient-1-2] DEBUG io.netty.buffer.AbstractByteBuf - -Dio.netty.buffer.checkBounds: true
17:01:27.496 [AsyncHttpClient-1-2] DEBUG io.netty.util.ResourceLeakDetectorFactory - Loaded default ResourceLeakDetector: io.netty.util.ResourceLeakDetector@4406173
17:01:27.651 [AsyncHttpClient-1-2] DEBUG io.netty.util.Recycler - -Dio.netty.recycler.maxCapacityPerThread: 4096
17:01:27.651 [AsyncHttpClient-1-2] DEBUG io.netty.util.Recycler - -Dio.netty.recycler.ratio: 8
17:01:27.651 [AsyncHttpClient-1-2] DEBUG io.netty.util.Recycler - -Dio.netty.recycler.chunkSize: 32
17:01:27.651 [AsyncHttpClient-1-2] DEBUG io.netty.util.Recycler - -Dio.netty.recycler.blocking: false
17:01:27.652 [AsyncHttpClient-1-2] DEBUG io.netty.util.Recycler - -Dio.netty.recycler.batchFastThreadLocalOnly: true
17:01:33.154 [AsyncHttpClient-1-2] DEBUG io.netty.handler.codec.compression.Brotli - brotli4j not in the classpath; Brotli support will be unavailable.
17:01:33.532 [main] DEBUG io.netty.util.internal.ThreadLocalRandom - -Dio.netty.initialSeedUniquifier: 0x0c1235c6fbe1af9d
17:01:38.577 [main] DEBUG testCases.TC_001_AccountRegistrationTest - application logs........
17:01:38.578 [main] INFO  testCases.TC_001_AccountRegistrationTest - ***  Starting TC_001_AccountRegistrationTest ***
17:01:38.986 [main] INFO  testCases.TC_001_AccountRegistrationTest - Clicked on register link
17:01:40.254 [main] INFO  testCases.TC_001_AccountRegistrationTest - Clicked on register link
17:01:40.258 [main] INFO  testCases.TC_001_AccountRegistrationTest - Providing customer data
17:01:41.431 [main] ERROR testCases.TC_001_AccountRegistrationTest - Validating expected message
17:01:41.432 [main] INFO  testCases.TC_001_AccountRegistrationTest - ***  Finished TC_001_AccountRegistrationTest ***
19:53:40.964 [main] INFO  testCases.TC_001_AccountRegistrationTest - ***  Starting TC_001_AccountRegistrationTest ***
19:53:42.273 [main] INFO  testCases.TC_001_AccountRegistrationTest - Clicked on register link
19:53:44.509 [main] INFO  testCases.TC_001_AccountRegistrationTest - Clicked on register link
19:53:44.513 [main] INFO  testCases.TC_001_AccountRegistrationTest - Providing customer data
19:53:46.944 [main] ERROR testCases.TC_001_AccountRegistrationTest - Validating expected message
19:53:46.945 [main] INFO  testCases.TC_001_AccountRegistrationTest - ***  Finished TC_001_AccountRegistrationTest ***
20:21:42.999 [main] INFO  testCases.TC_001_AccountRegistrationTest - ***  Starting TC_001_AccountRegistrationTest ***
20:21:43.764 [main] INFO  testCases.TC_001_AccountRegistrationTest - Clicked on register link
20:21:44.954 [main] INFO  testCases.TC_001_AccountRegistrationTest - Clicked on register link
20:21:44.958 [main] INFO  testCases.TC_001_AccountRegistrationTest - Providing customer data
20:21:45.715 [main] ERROR testCases.TC_001_AccountRegistrationTest - Validating expected message
20:21:45.715 [main] INFO  testCases.TC_001_AccountRegistrationTest - ***  Finished TC_001_AccountRegistrationTest ***
20:23:16.117 [main] INFO  testCases.TC_001_AccountRegistrationTest - ***  Starting TC_001_AccountRegistrationTest ***
20:23:16.465 [main] INFO  testCases.TC_001_AccountRegistrationTest - Clicked on register link
20:23:17.705 [main] INFO  testCases.TC_001_AccountRegistrationTest - Clicked on register link
20:23:17.708 [main] INFO  testCases.TC_001_AccountRegistrationTest - Providing customer data
20:23:18.568 [main] ERROR testCases.TC_001_AccountRegistrationTest - Validating expected message
20:23:18.569 [main] INFO  testCases.TC_001_AccountRegistrationTest - ***  Finished TC_001_AccountRegistrationTest ***
20:32:38.020 [TestNG-tests-1] INFO  testCases.TC_001_AccountRegistrationTest - ***  Starting TC_001_AccountRegistrationTest ***
20:32:39.406 [TestNG-tests-2] INFO  testCases.TC_001_AccountRegistrationTest - ***  Starting TC_001_AccountRegistrationTest ***
20:32:39.510 [TestNG-tests-1] INFO  testCases.TC_001_AccountRegistrationTest - Clicked on register link
20:32:40.329 [TestNG-tests-2] INFO  testCases.TC_001_AccountRegistrationTest - Clicked on register link
20:32:42.773 [TestNG-tests-2] INFO  testCases.TC_001_AccountRegistrationTest - Clicked on register link
20:32:42.777 [TestNG-tests-2] INFO  testCases.TC_001_AccountRegistrationTest - Providing customer data
20:32:43.020 [TestNG-tests-1] INFO  testCases.TC_001_AccountRegistrationTest - Clicked on register link
20:32:43.024 [TestNG-tests-1] INFO  testCases.TC_001_AccountRegistrationTest - Providing customer data
20:32:44.437 [TestNG-tests-1] ERROR testCases.TC_001_AccountRegistrationTest - Validating expected message
20:32:44.439 [TestNG-tests-1] INFO  testCases.TC_001_AccountRegistrationTest - ***  Finished TC_001_AccountRegistrationTest ***
20:32:45.681 [TestNG-tests-2] ERROR testCases.TC_001_AccountRegistrationTest - Validating expected message
20:32:45.681 [TestNG-tests-2] INFO  testCases.TC_001_AccountRegistrationTest - ***  Finished TC_001_AccountRegistrationTest ***
16:54:33.603 [main] INFO  testCases.TC_001_AccountRegistrationTest - ***  Starting TC_001_AccountRegistrationTest ***
16:54:34.595 [main] INFO  testCases.TC_001_AccountRegistrationTest - Clicked on register link
16:54:35.698 [main] INFO  testCases.TC_001_AccountRegistrationTest - Clicked on register link
16:54:35.703 [main] INFO  testCases.TC_001_AccountRegistrationTest - Providing customer data
16:54:36.693 [main] ERROR testCases.TC_001_AccountRegistrationTest - Validating expected message
16:54:36.693 [main] INFO  testCases.TC_001_AccountRegistrationTest - ***  Finished TC_001_AccountRegistrationTest ***
17:57:44.681 [main] INFO  testCases.TC_001_AccountRegistrationTest - ***  Starting TC_001_AccountRegistrationTest ***
17:57:45.439 [main] INFO  testCases.TC_001_AccountRegistrationTest - Clicked on register link
17:57:46.456 [main] INFO  testCases.TC_001_AccountRegistrationTest - Clicked on register link
17:57:46.460 [main] INFO  testCases.TC_001_AccountRegistrationTest - Providing customer data
17:57:47.293 [main] ERROR testCases.TC_001_AccountRegistrationTest - Validating expected message
17:57:47.293 [main] INFO  testCases.TC_001_AccountRegistrationTest - ***  Finished TC_001_AccountRegistrationTest ***
18:00:52.808 [main] INFO  testCases.TC_001_AccountRegistrationTest - ***  Starting TC_001_AccountRegistrationTest ***
18:00:53.682 [main] INFO  testCases.TC_001_AccountRegistrationTest - Clicked on register link
18:00:54.808 [main] INFO  testCases.TC_001_AccountRegistrationTest - Clicked on register link
18:00:54.812 [main] INFO  testCases.TC_001_AccountRegistrationTest - Providing customer data
18:00:55.885 [main] ERROR testCases.TC_001_AccountRegistrationTest - Validating expected message
18:00:55.885 [main] INFO  testCases.TC_001_AccountRegistrationTest - ***  Finished TC_001_AccountRegistrationTest ***
18:02:36.651 [main] INFO  testCases.TC_001_AccountRegistrationTest - ***  Starting TC_001_AccountRegistrationTest ***
18:02:37.800 [main] INFO  testCases.TC_001_AccountRegistrationTest - Clicked on register link
18:02:38.771 [main] INFO  testCases.TC_001_AccountRegistrationTest - Clicked on register link
18:02:38.775 [main] INFO  testCases.TC_001_AccountRegistrationTest - Providing customer data
18:02:39.645 [main] ERROR testCases.TC_001_AccountRegistrationTest - Validating expected message
18:02:39.645 [main] INFO  testCases.TC_001_AccountRegistrationTest - ***  Finished TC_001_AccountRegistrationTest ***
18:04:24.630 [main] INFO  testCases.TC_001_AccountRegistrationTest - ***  Starting TC_001_AccountRegistrationTest ***
18:04:25.119 [main] INFO  testCases.TC_001_AccountRegistrationTest - Clicked on register link
18:04:25.955 [main] INFO  testCases.TC_001_AccountRegistrationTest - Clicked on register link
18:04:25.958 [main] INFO  testCases.TC_001_AccountRegistrationTest - Providing customer data
18:04:25.959 [main] INFO  testCases.TC_001_AccountRegistrationTest - clicked on continue
18:04:26.034 [main] INFO  testCases.TC_001_AccountRegistrationTest - Validating expected message
18:07:21.426 [main] INFO  testCases.TC_001_AccountRegistrationTest - ***  Starting TC_001_AccountRegistrationTest ***
18:07:22.340 [main] INFO  testCases.TC_001_AccountRegistrationTest - Clicked on register link
18:07:23.348 [main] INFO  testCases.TC_001_AccountRegistrationTest - Clicked on register link
18:07:23.353 [main] INFO  testCases.TC_001_AccountRegistrationTest - Providing customer data
18:07:23.983 [main] ERROR testCases.TC_001_AccountRegistrationTest - Validating expected message
18:08:07.148 [main] INFO  testCases.TC_001_AccountRegistrationTest - ***  Starting TC_001_AccountRegistrationTest ***
18:08:07.640 [main] INFO  testCases.TC_001_AccountRegistrationTest - Clicked on register link
18:08:08.529 [main] INFO  testCases.TC_001_AccountRegistrationTest - Clicked on register link
18:08:08.533 [main] INFO  testCases.TC_001_AccountRegistrationTest - Providing customer data
18:08:09.374 [main] ERROR testCases.TC_001_AccountRegistrationTest - Validating expected message
18:08:09.374 [main] INFO  testCases.TC_001_AccountRegistrationTest - ***  Finished TC_001_AccountRegistrationTest ***
17:58:24.491 [main] INFO  testCases.TC_002_LoginTest - **** Starting TC_002_LoginTest****
17:58:24.817 [main] INFO  testCases.TC_002_LoginTest - clicked on My Account
17:58:25.768 [main] INFO  testCases.TC_002_LoginTest - clicked on Login Link
17:58:25.771 [main] INFO  testCases.TC_002_LoginTest - Providing login details
17:58:26.807 [main] INFO  testCases.TC_002_LoginTest - clicked on login button 
17:58:26.892 [main] INFO  testCases.TC_002_LoginTest - **** Finished TC_002_LoginTest ****
20:51:37.818 [main] INFO  testCases.TC_003_LoginDDT - ***Starting TC_003_LoginDDT***
20:51:44.976 [main] INFO  testCases.TC_003_LoginDDT - *** Finished TC_003_LoginDDT***
20:51:45.064 [main] INFO  testCases.TC_003_LoginDDT - ***Starting TC_003_LoginDDT***
20:51:57.976 [main] INFO  testCases.TC_003_LoginDDT - *** Finished TC_003_LoginDDT***
20:51:57.981 [main] INFO  testCases.TC_003_LoginDDT - ***Starting TC_003_LoginDDT***
20:52:08.349 [main] INFO  testCases.TC_003_LoginDDT - ***Starting TC_003_LoginDDT***
20:52:18.722 [main] INFO  testCases.TC_003_LoginDDT - ***Starting TC_003_LoginDDT***
20:58:18.761 [main] INFO  testCases.TC_003_LoginDDT - ***Starting TC_003_LoginDDT***
20:58:30.528 [main] INFO  testCases.TC_003_LoginDDT - *** Finished TC_003_LoginDDT***
20:58:30.586 [main] INFO  testCases.TC_003_LoginDDT - ***Starting TC_003_LoginDDT***
20:58:43.725 [main] INFO  testCases.TC_003_LoginDDT - *** Finished TC_003_LoginDDT***
20:58:43.733 [main] INFO  testCases.TC_003_LoginDDT - ***Starting TC_003_LoginDDT***
20:58:57.251 [main] INFO  testCases.TC_003_LoginDDT - *** Finished TC_003_LoginDDT***
20:58:57.259 [main] INFO  testCases.TC_003_LoginDDT - ***Starting TC_003_LoginDDT***
20:59:10.511 [main] INFO  testCases.TC_003_LoginDDT - *** Finished TC_003_LoginDDT***
20:59:10.517 [main] INFO  testCases.TC_003_LoginDDT - ***Starting TC_003_LoginDDT***
20:59:15.009 [main] INFO  testCases.TC_003_LoginDDT - *** Finished TC_003_LoginDDT***
15:29:16.448 [main] INFO  testCases.TC_002_LoginTest - **** Starting TC_002_LoginTest****
15:29:16.939 [main] INFO  testCases.TC_002_LoginTest - clicked on My Account
15:29:17.493 [main] INFO  testCases.TC_002_LoginTest - clicked on Login Link
15:29:17.495 [main] INFO  testCases.TC_002_LoginTest - Providing login details
15:29:18.437 [main] INFO  testCases.TC_002_LoginTest - clicked on login button 
15:29:18.524 [main] INFO  testCases.TC_002_LoginTest - **** Finished TC_002_LoginTest ****
15:31:30.395 [main] INFO  testCases.TC_001_AccountRegistrationTest - ***  Starting TC_001_AccountRegistrationTest ***
15:31:31.037 [main] INFO  testCases.TC_001_AccountRegistrationTest - Clicked on register link
15:31:31.876 [main] INFO  testCases.TC_001_AccountRegistrationTest - Clicked on register link
15:31:31.879 [main] INFO  testCases.TC_001_AccountRegistrationTest - Providing customer data
15:31:32.466 [main] ERROR testCases.TC_001_AccountRegistrationTest - Validating expected message
15:31:32.466 [main] INFO  testCases.TC_001_AccountRegistrationTest - ***  Finished TC_001_AccountRegistrationTest ***
15:31:37.169 [main] INFO  testCases.TC_002_LoginTest - **** Starting TC_002_LoginTest****
15:31:37.829 [main] INFO  testCases.TC_002_LoginTest - clicked on My Account
15:31:38.472 [main] INFO  testCases.TC_002_LoginTest - clicked on Login Link
15:31:38.475 [main] INFO  testCases.TC_002_LoginTest - Providing login details
15:31:39.494 [main] INFO  testCases.TC_002_LoginTest - clicked on login button 
15:31:39.563 [main] INFO  testCases.TC_002_LoginTest - **** Finished TC_002_LoginTest ****
15:35:12.927 [main] INFO  testCases.TC_002_LoginTest - **** Starting TC_002_LoginTest****
15:35:13.144 [main] INFO  testCases.TC_002_LoginTest - clicked on My Account
15:35:13.757 [main] INFO  testCases.TC_002_LoginTest - clicked on Login Link
15:35:13.759 [main] INFO  testCases.TC_002_LoginTest - Providing login details
15:35:14.650 [main] INFO  testCases.TC_002_LoginTest - clicked on login button 
15:35:14.735 [main] INFO  testCases.TC_002_LoginTest - **** Finished TC_002_LoginTest ****
15:44:12.170 [main] INFO  testCases.TC_001_AccountRegistrationTest - ***  Starting TC_001_AccountRegistrationTest ***
15:44:12.704 [main] INFO  testCases.TC_001_AccountRegistrationTest - Clicked on register link
15:44:13.785 [main] INFO  testCases.TC_001_AccountRegistrationTest - Clicked on register link
15:44:13.790 [main] INFO  testCases.TC_001_AccountRegistrationTest - Providing customer data
15:44:14.612 [main] ERROR testCases.TC_001_AccountRegistrationTest - Validating expected message
15:44:14.612 [main] INFO  testCases.TC_001_AccountRegistrationTest - ***  Finished TC_001_AccountRegistrationTest ***
15:44:22.508 [main] INFO  testCases.TC_002_LoginTest - **** Starting TC_002_LoginTest****
15:44:22.630 [main] INFO  testCases.TC_002_LoginTest - clicked on My Account
15:44:23.126 [main] INFO  testCases.TC_002_LoginTest - clicked on Login Link
15:44:23.129 [main] INFO  testCases.TC_002_LoginTest - Providing login details
15:44:24.108 [main] INFO  testCases.TC_002_LoginTest - clicked on login button 
15:44:24.230 [main] INFO  testCases.TC_002_LoginTest - **** Finished TC_002_LoginTest ****
15:47:17.902 [main] INFO  testCases.TC_001_AccountRegistrationTest - ***  Starting TC_001_AccountRegistrationTest ***
15:47:18.759 [main] INFO  testCases.TC_001_AccountRegistrationTest - Clicked on register link
15:47:20.016 [main] INFO  testCases.TC_001_AccountRegistrationTest - Clicked on register link
15:47:20.028 [main] INFO  testCases.TC_001_AccountRegistrationTest - Providing customer data
15:47:20.938 [main] ERROR testCases.TC_001_AccountRegistrationTest - Validating expected message
15:47:20.938 [main] INFO  testCases.TC_001_AccountRegistrationTest - ***  Finished TC_001_AccountRegistrationTest ***
15:47:26.164 [main] INFO  testCases.TC_002_LoginTest - **** Starting TC_002_LoginTest****
15:47:27.124 [main] INFO  testCases.TC_002_LoginTest - clicked on My Account
15:47:28.283 [main] INFO  testCases.TC_002_LoginTest - clicked on Login Link
15:47:28.290 [main] INFO  testCases.TC_002_LoginTest - Providing login details
15:47:30.025 [main] INFO  testCases.TC_002_LoginTest - clicked on login button 
15:47:30.160 [main] INFO  testCases.TC_002_LoginTest - **** Finished TC_002_LoginTest ****
15:49:47.831 [main] INFO  testCases.TC_002_LoginTest - **** Starting TC_002_LoginTest****
15:49:48.535 [main] INFO  testCases.TC_002_LoginTest - clicked on My Account
15:49:49.377 [main] INFO  testCases.TC_002_LoginTest - clicked on Login Link
15:49:49.381 [main] INFO  testCases.TC_002_LoginTest - Providing login details
15:49:50.757 [main] INFO  testCases.TC_002_LoginTest - clicked on login button 
15:49:50.872 [main] INFO  testCases.TC_002_LoginTest - **** Finished TC_002_LoginTest ****
15:52:40.245 [main] INFO  testCases.TC_001_AccountRegistrationTest - ***  Starting TC_001_AccountRegistrationTest ***
15:52:41.188 [main] INFO  testCases.TC_001_AccountRegistrationTest - Clicked on register link
15:52:42.268 [main] INFO  testCases.TC_001_AccountRegistrationTest - Clicked on register link
15:52:42.275 [main] INFO  testCases.TC_001_AccountRegistrationTest - Providing customer data
15:52:43.150 [main] ERROR testCases.TC_001_AccountRegistrationTest - Validating expected message
15:52:43.150 [main] INFO  testCases.TC_001_AccountRegistrationTest - ***  Finished TC_001_AccountRegistrationTest ***
15:55:08.159 [main] INFO  testCases.TC_001_AccountRegistrationTest - ***  Starting TC_001_AccountRegistrationTest ***
15:55:09.069 [main] INFO  testCases.TC_001_AccountRegistrationTest - Clicked on register link
15:55:10.589 [main] INFO  testCases.TC_001_AccountRegistrationTest - Clicked on register link
15:55:10.594 [main] INFO  testCases.TC_001_AccountRegistrationTest - Providing customer data
15:55:11.614 [main] ERROR testCases.TC_001_AccountRegistrationTest - Validating expected message
15:55:11.615 [main] INFO  testCases.TC_001_AccountRegistrationTest - ***  Finished TC_001_AccountRegistrationTest ***
15:55:19.137 [main] INFO  testCases.TC_002_LoginTest - **** Starting TC_002_LoginTest****
15:55:19.675 [main] INFO  testCases.TC_002_LoginTest - clicked on My Account
15:55:20.462 [main] INFO  testCases.TC_002_LoginTest - clicked on Login Link
15:55:20.468 [main] INFO  testCases.TC_002_LoginTest - Providing login details
15:55:21.674 [main] INFO  testCases.TC_002_LoginTest - clicked on login button 
15:57:44.527 [main] INFO  testCases.TC_002_LoginTest - **** Starting TC_002_LoginTest****
15:57:45.042 [main] INFO  testCases.TC_002_LoginTest - clicked on My Account
15:57:45.982 [main] INFO  testCases.TC_002_LoginTest - clicked on Login Link
15:57:45.985 [main] INFO  testCases.TC_002_LoginTest - Providing login details
15:57:47.598 [main] INFO  testCases.TC_002_LoginTest - clicked on login button 
15:57:47.761 [main] INFO  testCases.TC_002_LoginTest - **** Finished TC_002_LoginTest ****
15:35:13.414 [main] INFO  testCases.TC_001_AccountRegistrationTest - ***  Starting TC_001_AccountRegistrationTest ***
15:35:13.691 [main] INFO  testCases.TC_001_AccountRegistrationTest - Clicked on register link
15:35:14.598 [main] INFO  testCases.TC_001_AccountRegistrationTest - Clicked on register link
15:35:14.602 [main] INFO  testCases.TC_001_AccountRegistrationTest - Providing customer data
15:35:15.551 [main] ERROR testCases.TC_001_AccountRegistrationTest - Validating expected message
15:35:15.552 [main] INFO  testCases.TC_001_AccountRegistrationTest - ***  Finished TC_001_AccountRegistrationTest ***
15:35:20.746 [main] INFO  testCases.TC_002_LoginTest - **** Starting TC_002_LoginTest****
15:35:21.787 [main] INFO  testCases.TC_002_LoginTest - clicked on My Account
15:35:23.038 [main] INFO  testCases.TC_002_LoginTest - clicked on Login Link
15:35:23.043 [main] INFO  testCases.TC_002_LoginTest - Providing login details
15:35:24.607 [main] INFO  testCases.TC_002_LoginTest - clicked on login button 
15:35:24.797 [main] INFO  testCases.TC_002_LoginTest - **** Finished TC_002_LoginTest ****
19:13:57.619 [main] INFO  testCases.TC_001_AccountRegistrationTest - ***  Starting TC_001_AccountRegistrationTest ***
19:13:57.980 [main] INFO  testCases.TC_001_AccountRegistrationTest - Clicked on register link
19:13:59.178 [main] INFO  testCases.TC_001_AccountRegistrationTest - Clicked on register link
19:13:59.185 [main] INFO  testCases.TC_001_AccountRegistrationTest - Providing customer data
19:14:01.041 [main] ERROR testCases.TC_001_AccountRegistrationTest - Validating expected message
19:14:01.041 [main] INFO  testCases.TC_001_AccountRegistrationTest - ***  Finished TC_001_AccountRegistrationTest ***
19:14:19.394 [main] INFO  testCases.TC_002_LoginTest - **** Starting TC_002_LoginTest****
19:14:19.702 [main] INFO  testCases.TC_002_LoginTest - clicked on My Account
19:14:20.766 [main] INFO  testCases.TC_002_LoginTest - clicked on Login Link
19:14:20.768 [main] INFO  testCases.TC_002_LoginTest - Providing login details
19:14:22.398 [main] INFO  testCases.TC_002_LoginTest - clicked on login button 
19:14:22.520 [main] INFO  testCases.TC_002_LoginTest - **** Finished TC_002_LoginTest ****
00:40:21.095 [main] INFO  testCases.TC_001_AccountRegistrationTest - ***  Starting TC_001_AccountRegistrationTest ***
00:40:22.032 [main] INFO  testCases.TC_001_AccountRegistrationTest - Clicked on register link
00:40:22.914 [main] INFO  testCases.TC_001_AccountRegistrationTest - Clicked on register link
00:40:22.919 [main] INFO  testCases.TC_001_AccountRegistrationTest - Providing customer data
00:40:23.691 [main] ERROR testCases.TC_001_AccountRegistrationTest - Validating expected message
00:40:23.692 [main] INFO  testCases.TC_001_AccountRegistrationTest - ***  Finished TC_001_AccountRegistrationTest ***
00:40:28.962 [main] INFO  testCases.TC_002_LoginTest - **** Starting TC_002_LoginTest****
00:40:29.365 [main] INFO  testCases.TC_002_LoginTest - clicked on My Account
00:40:29.990 [main] INFO  testCases.TC_002_LoginTest - clicked on Login Link
00:40:29.992 [main] INFO  testCases.TC_002_LoginTest - Providing login details
00:40:31.519 [main] INFO  testCases.TC_002_LoginTest - clicked on login button 
00:40:31.629 [main] INFO  testCases.TC_002_LoginTest - **** Finished TC_002_LoginTest ****
